\BOOKMARK [0][-]{section*.1}{\376\377\000C\000u\000p\000r\000i\000n\000s}{}% 1
\BOOKMARK [0][-]{chapter.1}{\376\377\000P\000r\000o\000b\000a\000b\000i\000l\000i\000t\000a\000t\000i}{}% 2
\BOOKMARK [1][-]{section.1.1}{\376\377\000E\000v\000e\000n\000i\000m\000e\000n\000t\000e\000\040\000i\000n\000d\000e\000p\000e\000n\000d\000e\000n\000t\000e}{chapter.1}% 3
\BOOKMARK [1][-]{section.1.2}{\376\377\000S\000c\000h\000e\000m\000a\000\040\000b\000i\000l\000e\000i\000\040\000n\000e\000r\000e\000v\000e\000n\000i\000t\000e}{chapter.1}% 4
\BOOKMARK [1][-]{section.1.3}{\376\377\000S\000c\000h\000e\000m\000a\000\040\000b\000i\000l\000e\000i\000\040\000r\000e\000v\000e\000n\000i\000t\000e}{chapter.1}% 5
\BOOKMARK [1][-]{section.1.4}{\376\377\000P\000r\000o\000b\000a\000b\000i\000l\000i\000t\000a\000t\000i\000\040\000c\000o\000n\000d\000i\000t\000i\000o\000n\000a\000t\000e}{chapter.1}% 6
\BOOKMARK [1][-]{section.1.5}{\376\377\000F\000o\000r\000m\000u\000l\000a\000\040\000p\000r\000o\000b\000a\000b\000i\000l\000i\000t\000a\000t\000i\000i\000\040\000t\000o\000t\000a\000l\000e}{chapter.1}% 7
\BOOKMARK [1][-]{section.1.6}{\376\377\000B\000a\000y\000e\000s}{chapter.1}% 8
\BOOKMARK [1][-]{section.1.7}{\376\377\000V\000a\000r\000i\000a\000b\000i\000l\000e\000\040\000a\000l\000e\000a\000t\000o\000a\000r\000e\000\040\000d\000i\000s\000c\000r\000e\000t\000e}{chapter.1}% 9
\BOOKMARK [1][-]{section.1.8}{\376\377\000V\000a\000r\000i\000a\000b\000i\000l\000e\000\040\000d\000i\000s\000c\000r\000e\000t\000e\000\040\000b\000i\000d\000i\000m\000e\000n\000s\000i\000o\000n\000a\000l\000e}{chapter.1}% 10
\BOOKMARK [1][-]{section.1.9}{\376\377\000V\000a\000r\000i\000a\000b\000i\000l\000e\000\040\000c\000o\000n\000t\000i\000n\000u\000e\000\040\000u\000n\000i\000d\000i\000m\000e\000n\000s\000i\000o\000n\000a\000l\000e}{chapter.1}% 11
\BOOKMARK [1][-]{section.1.10}{\376\377\000V\000a\000r\000i\000a\000b\000i\000l\000e\000\040\000c\000o\000n\000t\000i\000n\000u\000e\000\040\000b\000i\000d\000i\000m\000e\000n\000s\000i\000o\000n\000a\000l\000e}{chapter.1}% 12
\BOOKMARK [1][-]{section.1.11}{\376\377\000R\000e\000p\000a\000r\000t\000i\000t\000i\000i\000\040\000c\000l\000a\000s\000i\000c\000e}{chapter.1}% 13
\BOOKMARK [0][-]{chapter.2}{\376\377\000S\000t\000a\000t\000i\000s\000t\000i\000c\000a}{}% 14
\BOOKMARK [1][-]{section.2.1}{\376\377\000I\000n\000t\000e\000r\000v\000a\000l\000e\000\040\000d\000e\000\040\000i\000n\000c\000r\000e\000d\000e\000r\000e}{chapter.2}% 15
\BOOKMARK [1][-]{section.2.2}{\376\377\000A\000c\000t\000u\000a\000l\000i\000z\000a\000r\000e\000\040\000B\000a\000y\000e\000s\000i\000a\000n\000a}{chapter.2}% 16
\BOOKMARK [1][-]{section.2.3}{\376\377\000V\000e\000r\000o\000s\000i\000m\000i\000l\000i\000t\000a\000t\000e\000\040\000m\000a\000x\000i\000m\000a\000\040\000\050\000M\000L\000E\000\051}{chapter.2}% 17
\BOOKMARK [0][-]{chapter.3}{\376\377\000A\000n\000e\000x\000a\000\040\0001\000\040\000-\000\040\000D\000e\000r\000i\000v\000a\000t\000e\000\040\000s\000i\000\040\000i\000n\000t\000e\000g\000r\000a\000l\000e}{}% 18
\BOOKMARK [1][-]{section.3.1}{\376\377\000F\000u\000n\000c\000t\000i\000a\000\040}{chapter.3}% 19
\BOOKMARK [1][-]{section.3.2}{\376\377\000F\000u\000n\000c\000t\000i\000a\000\040\000B}{chapter.3}% 20
\BOOKMARK [1][-]{section.3.3}{\376\377\000I\000n\000t\000e\000g\000r\000a\000l\000e\000l\000e\000\040\000W\000a\000l\000l\000i\000s}{chapter.3}% 21
\BOOKMARK [0][-]{chapter.4}{\376\377\000A\000n\000e\000x\000a\000\040\0002\000\040\000-\000\040\000F\000u\000n\000c\000t\000i\000i\000\040\000t\000r\000i\000g\000o\000n\000o\000m\000e\000t\000r\000i\000c\000e}{}% 22
\BOOKMARK [0][-]{chapter.5}{\376\377\000A\000n\000e\000x\000a\000\040\0003\000\040\000-\000\040\000T\000a\000b\000e\000l\000e\000\040\000s\000t\000a\000t\000i\000s\000t\000i\000c\000e}{}% 23
